Using pre-set license
Built from '2020.3/staging' branch; Version is '2020.3.32f1 (12f8b0834f07) revision 1243312'; Using compiler version '192528614'; Build Type 'Release'
OS: 'Windows 10  (10.0.19045) 64bit Core' Language: 'ko' Physical Memory: 16145 MB
BatchMode: 1, IsHumanControllingUs: 0, StartBugReporterOnCrash: 0, Is64bit: 1, IsPro: 0

COMMAND LINE ARGUMENTS:
C:\Program Files\Unity\Hub\Editor\2020.3.32f1\Editor\Unity.exe
-adb2
-batchMode
-noUpm
-name
AssetImportWorker0
-projectPath
E:/내일배움캠프/사전캠프/Uniy기초/rainRtan/dogvscat
-logFile
Logs/AssetImportWorker0.log
-srvPort
56138
Successfully changed project path to: E:/내일배움캠프/사전캠프/Uniy기초/rainRtan/dogvscat
E:/내일배움캠프/사전캠프/Uniy기초/rainRtan/dogvscat
Using Asset Import Pipeline V2.
Refreshing native plugins compatible for Editor in 16.68 ms, found 1 plugins.
Preloading 0 native plugins for Editor in 0.00 ms.
Initialize engine version: 2020.3.32f1 (12f8b0834f07)
[Subsystems] Discovering subsystems at path C:/Program Files/Unity/Hub/Editor/2020.3.32f1/Editor/Data/Resources/UnitySubsystems
[Subsystems] Discovering subsystems at path E:/내일배움캠프/사전캠프/Uniy기초/rainRtan/dogvscat/Assets
GfxDevice: creating device client; threaded=0
Direct3D:
    Version:  Direct3D 11.0 [level 11.1]
    Renderer: NVIDIA GeForce MX250 (ID=0x1d13)
    Vendor:   
    VRAM:     1982 MB
    Driver:   31.0.15.2756
Initialize mono
Mono path[0] = 'C:/Program Files/Unity/Hub/Editor/2020.3.32f1/Editor/Data/Managed'
Mono path[1] = 'C:/Program Files/Unity/Hub/Editor/2020.3.32f1/Editor/Data/MonoBleedingEdge/lib/mono/unityjit'
Mono config path = 'C:/Program Files/Unity/Hub/Editor/2020.3.32f1/Editor/Data/MonoBleedingEdge/etc'
Using monoOptions --debugger-agent=transport=dt_socket,embedding=1,server=y,suspend=n,address=127.0.0.1:56828
Begin MonoManager ReloadAssembly
Registering precompiled unity dll's ...
Register platform support module: C:/Program Files/Unity/Hub/Editor/2020.3.32f1/Editor/Data/PlaybackEngines/WindowsStandaloneSupport/UnityEditor.WindowsStandalone.Extensions.dll
Registered in 0.012600 seconds.
Native extension for WindowsStandalone target not found
Refreshing native plugins compatible for Editor in 25.56 ms, found 1 plugins.
Preloading 0 native plugins for Editor in 0.00 ms.
Mono: successfully reloaded assembly
- Completed reload, in  1.206 seconds
Domain Reload Profiling:
	ReloadAssembly (1206ms)
		BeginReloadAssembly (214ms)
			ExecutionOrderSort (0ms)
			DisableScriptedObjects (0ms)
			BackupInstance (0ms)
			ReleaseScriptingObjects (0ms)
			CreateAndSetChildDomain (1ms)
		EndReloadAssembly (783ms)
			LoadAssemblies (209ms)
			RebuildTransferFunctionScriptingTraits (0ms)
			SetupTypeCache (235ms)
			ReleaseScriptCaches (0ms)
			RebuildScriptCaches (60ms)
			SetupLoadedEditorAssemblies (270ms)
				LogAssemblyErrors (0ms)
				InitializePlatformSupportModulesInManaged (8ms)
				SetLoadedEditorAssemblies (0ms)
				RefreshPlugins (26ms)
				BeforeProcessingInitializeOnLoad (14ms)
				ProcessInitializeOnLoadAttributes (154ms)
				ProcessInitializeOnLoadMethodAttributes (68ms)
				AfterProcessingInitializeOnLoad (0ms)
				EditorAssembliesLoaded (0ms)
			ExecutionOrderSort2 (0ms)
			AwakeInstancesAfterBackupRestoration (0ms)
Platform modules already initialized, skipping
Registering precompiled user dll's ...
Registered in 0.001325 seconds.
Begin MonoManager ReloadAssembly
Native extension for WindowsStandalone target not found
Refreshing native plugins compatible for Editor in 12.44 ms, found 1 plugins.
Preloading 0 native plugins for Editor in 0.00 ms.
Mono: successfully reloaded assembly
- Completed reload, in  1.708 seconds
Domain Reload Profiling:
	ReloadAssembly (1711ms)
		BeginReloadAssembly (339ms)
			ExecutionOrderSort (0ms)
			DisableScriptedObjects (7ms)
			BackupInstance (0ms)
			ReleaseScriptingObjects (0ms)
			CreateAndSetChildDomain (36ms)
		EndReloadAssembly (1208ms)
			LoadAssemblies (160ms)
			RebuildTransferFunctionScriptingTraits (0ms)
			SetupTypeCache (397ms)
			ReleaseScriptCaches (0ms)
			RebuildScriptCaches (62ms)
			SetupLoadedEditorAssemblies (372ms)
				LogAssemblyErrors (0ms)
				InitializePlatformSupportModulesInManaged (7ms)
				SetLoadedEditorAssemblies (0ms)
				RefreshPlugins (13ms)
				BeforeProcessingInitializeOnLoad (124ms)
				ProcessInitializeOnLoadAttributes (176ms)
				ProcessInitializeOnLoadMethodAttributes (26ms)
				AfterProcessingInitializeOnLoad (26ms)
				EditorAssembliesLoaded (0ms)
			ExecutionOrderSort2 (0ms)
			AwakeInstancesAfterBackupRestoration (12ms)
Platform modules already initialized, skipping
========================================================================
Worker process is ready to serve import requests
Launched and connected shader compiler UnityShaderCompiler.exe after 0.19 seconds
Refreshing native plugins compatible for Editor in 0.14 ms, found 1 plugins.
Preloading 0 native plugins for Editor in 0.00 ms.
Unloading 700 Unused Serialized files (Serialized files now loaded: 0)
System memory in use before: 55.1 MB.
System memory in use after: 55.1 MB.

Unloading 11 unused Assets to reduce memory usage. Loaded Objects now: 1140.
Total: 2.666200 ms (FindLiveObjects: 0.060800 ms CreateObjectMapping: 0.016200 ms MarkObjects: 2.516600 ms  DeleteObjects: 0.071600 ms)

AssetImportParameters requested are different than current active one (requested -> active):
  custom:framework-win-MediaFoundation: 216162199b28c13a410421893ffa2e32 -> 
  custom:video-decoder-ogg-theora: a1e56fd34408186e4bbccfd4996cb3dc -> 
  custom:container-muxer-webm: aa71ff27fc2769a1b78a27578f13a17b -> 
  custom:container-demuxer-webm: 4f35f7cbe854078d1ac9338744f61a02 -> 
  custom:container-demuxer-ogg: 62fdf1f143b41e24485cea50d1cbac27 -> 
  custom:video-encoder-webm-vp8: eb34c28f22e8b96e1ab97ce403110664 -> 
  custom:video-codec-MediaFoundation-h265: 746d11721c4dcdbdad8f713fa42b33f4 -> 
  custom:video-decoder-webm-vp8: 9c59270c3fd7afecdb556c50c9e8de78 -> 
  custom:audio-decoder-ogg-vorbis: bf7c407c2cedff20999df2af8eb42d56 -> 
  custom:audio-encoder-webm-vorbis: bf7c407c2cedff20999df2af8eb42d56 -> 
========================================================================
Received Import Request.
  path: Assets/Scenes/MainScene.unity
  artifactKey: Guid(2cda990e2423bbf4892e6590ba056729) Importer(815301076,1909f56bfc062723c751e8b465ee728b)
Start importing Assets/Scenes/MainScene.unity using Guid(2cda990e2423bbf4892e6590ba056729) Importer(815301076,1909f56bfc062723c751e8b465ee728b)  -> (artifact id: 'c6d8a8c875c7238d54096de8ec9cc32a') in 0.041575 seconds 
========================================================================
Received Import Request.
  Time since last request: 143.190253 seconds.
  path: Assets/Images
  artifactKey: Guid(7e5e79eb73e7fcc45a951ec675cc9512) Importer(815301076,1909f56bfc062723c751e8b465ee728b)
Start importing Assets/Images using Guid(7e5e79eb73e7fcc45a951ec675cc9512) Importer(815301076,1909f56bfc062723c751e8b465ee728b)  -> (artifact id: 'bb875c5cadfdf2ae46cee64c29f89547') in 0.031615 seconds 
========================================================================
Received Import Request.
  Time since last request: 15.064122 seconds.
  path: Assets/Images/angryDog_1.png
  artifactKey: Guid(833ccd4cc846417408472a658e0a4337) Importer(815301076,1909f56bfc062723c751e8b465ee728b)
Start importing Assets/Images/angryDog_1.png using Guid(833ccd4cc846417408472a658e0a4337) Importer(815301076,1909f56bfc062723c751e8b465ee728b)  -> (artifact id: '8e866d6916087ff33e4ff2293193aa14') in 0.626828 seconds 
========================================================================
Received Import Request.
  Time since last request: 0.000543 seconds.
  path: Assets/Images/normaCat_full.png
  artifactKey: Guid(efff1c58afc797444aa06624d32f14a3) Importer(815301076,1909f56bfc062723c751e8b465ee728b)
Start importing Assets/Images/normaCat_full.png using Guid(efff1c58afc797444aa06624d32f14a3) Importer(815301076,1909f56bfc062723c751e8b465ee728b)  -> (artifact id: 'cf96c3ee477d5ad6e647edf3a0252bc9') in 0.077567 seconds 
========================================================================
Received Import Request.
  Time since last request: 0.000412 seconds.
  path: Assets/Images/fatCat_2.png
  artifactKey: Guid(18d4e022ca435c347947d6dbc48e8786) Importer(815301076,1909f56bfc062723c751e8b465ee728b)
Start importing Assets/Images/fatCat_2.png using Guid(18d4e022ca435c347947d6dbc48e8786) Importer(815301076,1909f56bfc062723c751e8b465ee728b)  -> (artifact id: '66082ebd5d27010c30aff72fcd089ca8') in 0.093216 seconds 
========================================================================
Received Import Request.
  Time since last request: 0.000634 seconds.
  path: Assets/Images/intro.png
  artifactKey: Guid(0d800b61c80f77046a19b4aef8e5b359) Importer(815301076,1909f56bfc062723c751e8b465ee728b)
Start importing Assets/Images/intro.png using Guid(0d800b61c80f77046a19b4aef8e5b359) Importer(815301076,1909f56bfc062723c751e8b465ee728b)  -> (artifact id: '52c7583b8a2d95bea1c0945eb15921b6') in 0.105930 seconds 
========================================================================
Received Import Request.
  Time since last request: 0.000670 seconds.
  path: Assets/Images/fatCat_full.png
  artifactKey: Guid(c154fff9baf8f694db3ec574ab63660a) Importer(815301076,1909f56bfc062723c751e8b465ee728b)
Start importing Assets/Images/fatCat_full.png using Guid(c154fff9baf8f694db3ec574ab63660a) Importer(815301076,1909f56bfc062723c751e8b465ee728b)  -> (artifact id: 'acae5a18057c8a26041122d603fe8e53') in 0.088494 seconds 
========================================================================
Received Import Request.
  Time since last request: 0.000614 seconds.
  path: Assets/Images/pirateCat_2.png
  artifactKey: Guid(af06448a8854f1446a05d00c2659e6bc) Importer(815301076,1909f56bfc062723c751e8b465ee728b)
Start importing Assets/Images/pirateCat_2.png using Guid(af06448a8854f1446a05d00c2659e6bc) Importer(815301076,1909f56bfc062723c751e8b465ee728b)  -> (artifact id: 'edaf9a247506275a464e5da71e57e1af') in 0.070317 seconds 
========================================================================
Received Import Request.
  Time since last request: 0.000574 seconds.
  path: Assets/Images/fatCat_1.png
  artifactKey: Guid(253a91efbd267dc4db27c7dd729266fd) Importer(815301076,1909f56bfc062723c751e8b465ee728b)
Start importing Assets/Images/fatCat_1.png using Guid(253a91efbd267dc4db27c7dd729266fd) Importer(815301076,1909f56bfc062723c751e8b465ee728b)  -> (artifact id: 'c2c478addbe679279b704fd30db9f0d6') in 0.088577 seconds 
========================================================================
Received Import Request.
  Time since last request: 0.000617 seconds.
  path: Assets/Images/normaCat_1.png
  artifactKey: Guid(8483c5a9102cce2489e3103bf697bc72) Importer(815301076,1909f56bfc062723c751e8b465ee728b)
Start importing Assets/Images/normaCat_1.png using Guid(8483c5a9102cce2489e3103bf697bc72) Importer(815301076,1909f56bfc062723c751e8b465ee728b)  -> (artifact id: 'd97c6392990451265adb10219bad2e01') in 0.080299 seconds 
========================================================================
Received Import Request.
  Time since last request: 0.000570 seconds.
  path: Assets/Images/normaCat_2.png
  artifactKey: Guid(17bdbdb8304dcb64f9203973bc1a6d4b) Importer(815301076,1909f56bfc062723c751e8b465ee728b)
Start importing Assets/Images/normaCat_2.png using Guid(17bdbdb8304dcb64f9203973bc1a6d4b) Importer(815301076,1909f56bfc062723c751e8b465ee728b)  -> (artifact id: 'b1bf983b8ad00480e27b5d911fe90bdb') in 0.086034 seconds 
========================================================================
Received Import Request.
  Time since last request: 0.000440 seconds.
  path: Assets/Images/fish_shop.png
  artifactKey: Guid(47c7311a31886b642953e9237cbbd0e2) Importer(815301076,1909f56bfc062723c751e8b465ee728b)
Start importing Assets/Images/fish_shop.png using Guid(47c7311a31886b642953e9237cbbd0e2) Importer(815301076,1909f56bfc062723c751e8b465ee728b)  -> (artifact id: 'fc3e2894309dcab050135afe979102ca') in 0.088983 seconds 
========================================================================
Received Import Request.
  Time since last request: 0.000560 seconds.
  path: Assets/Images/pirateCat_1.png
  artifactKey: Guid(75c31a611ac005c4395fa18847cabb8e) Importer(815301076,1909f56bfc062723c751e8b465ee728b)
Start importing Assets/Images/pirateCat_1.png using Guid(75c31a611ac005c4395fa18847cabb8e) Importer(815301076,1909f56bfc062723c751e8b465ee728b)  -> (artifact id: '7e934f35ff20c2b8cf50a9e199dd9639') in 0.083987 seconds 
========================================================================
Received Import Request.
  Time since last request: 0.000470 seconds.
  path: Assets/Images/pirateCat_full.png
  artifactKey: Guid(01bea966178156043ac2d0859c28e4c2) Importer(815301076,1909f56bfc062723c751e8b465ee728b)
Start importing Assets/Images/pirateCat_full.png using Guid(01bea966178156043ac2d0859c28e4c2) Importer(815301076,1909f56bfc062723c751e8b465ee728b)  -> (artifact id: '7f46fde2cb1c4afdff58245235465159') in 0.086401 seconds 
========================================================================
Received Import Request.
  Time since last request: 0.000589 seconds.
  path: Assets/Images/cat_level.png
  artifactKey: Guid(90d27782cadac17429bf3f9a24a7d39c) Importer(815301076,1909f56bfc062723c751e8b465ee728b)
Start importing Assets/Images/cat_level.png using Guid(90d27782cadac17429bf3f9a24a7d39c) Importer(815301076,1909f56bfc062723c751e8b465ee728b)  -> (artifact id: 'd143bd2251d338658ff08981c0c849e0') in 0.080136 seconds 
========================================================================
Received Import Request.
  Time since last request: 178.259951 seconds.
  path: Assets/Images/retryBtn.png
  artifactKey: Guid(81bcabc887b839b48aae3736c009b258) Importer(815301076,1909f56bfc062723c751e8b465ee728b)
Start importing Assets/Images/retryBtn.png using Guid(81bcabc887b839b48aae3736c009b258) Importer(815301076,1909f56bfc062723c751e8b465ee728b)  -> (artifact id: 'de4a2ce2dd9ea1e7dcde59ccd34c4f95') in 0.092316 seconds 
========================================================================
Received Import Request.
  Time since last request: 0.000738 seconds.
  path: Assets/Images/startBtn.png
  artifactKey: Guid(0383b904ac1a31b4cbb0cfe10024d958) Importer(815301076,1909f56bfc062723c751e8b465ee728b)
Start importing Assets/Images/startBtn.png using Guid(0383b904ac1a31b4cbb0cfe10024d958) Importer(815301076,1909f56bfc062723c751e8b465ee728b)  -> (artifact id: '6bf6b4d613e9df823ea5303c81dd3b7f') in 0.073085 seconds 
========================================================================
Received Import Request.
  Time since last request: 64.417565 seconds.
  path: Assets/Scenes
  artifactKey: Guid(131a6b21c8605f84396be9f6751fb6e3) Importer(815301076,1909f56bfc062723c751e8b465ee728b)
Start importing Assets/Scenes using Guid(131a6b21c8605f84396be9f6751fb6e3) Importer(815301076,1909f56bfc062723c751e8b465ee728b)  -> (artifact id: 'df75b7d1a31c5b4f73fd45661b403b04') in 0.033641 seconds 
========================================================================
Received Import Request.
  Time since last request: 13.545184 seconds.
  path: Assets/Scenes/StartScene.unity
  artifactKey: Guid(847dbb4bcbcd2484a92ade829747ab6e) Importer(815301076,1909f56bfc062723c751e8b465ee728b)
Start importing Assets/Scenes/StartScene.unity using Guid(847dbb4bcbcd2484a92ade829747ab6e) Importer(815301076,1909f56bfc062723c751e8b465ee728b)  -> (artifact id: 'f3e87545cc2a4cd9ceae34404d924e2b') in 0.029472 seconds 
========================================================================
Received Import Request.
  Time since last request: 147.379518 seconds.
  path: Assets/Scenes/MainScene.unity
  artifactKey: Guid(2cda990e2423bbf4892e6590ba056729) Importer(815301076,1909f56bfc062723c751e8b465ee728b)
Start importing Assets/Scenes/MainScene.unity using Guid(2cda990e2423bbf4892e6590ba056729) Importer(815301076,1909f56bfc062723c751e8b465ee728b)  -> (artifact id: 'f92f2276d4300c67c6df256009c0779f') in 0.045996 seconds 
========================================================================
Received Import Request.
  Time since last request: 145.114056 seconds.
  path: Assets/Images/NewUXMLTemplate.uxml
  artifactKey: Guid(fa7f1a47ca501274f925619e733ded7c) Importer(815301076,1909f56bfc062723c751e8b465ee728b)
Start importing Assets/Images/NewUXMLTemplate.uxml using Guid(fa7f1a47ca501274f925619e733ded7c) Importer(815301076,1909f56bfc062723c751e8b465ee728b)  -> (artifact id: '903681a96146dead6322af8bf78ba024') in 0.055229 seconds 
========================================================================
Received Import Request.
  Time since last request: 20.374512 seconds.
  path: Packages/com.unity.2d.animation/package.json
  artifactKey: Guid(9e83c20a8293f44ec8a375d3805f477d) Importer(815301076,1909f56bfc062723c751e8b465ee728b)
Start importing Packages/com.unity.2d.animation/package.json using Guid(9e83c20a8293f44ec8a375d3805f477d) Importer(815301076,1909f56bfc062723c751e8b465ee728b)  -> (artifact id: '3fd1a6810d9f7bc8e77cfd27a926decf') in 0.056796 seconds 
========================================================================
Received Import Request.
  Time since last request: 2.866461 seconds.
  path: Packages/com.unity.2d.common/package.json
  artifactKey: Guid(68f1917ec3cac45b080c26153375c2bb) Importer(815301076,1909f56bfc062723c751e8b465ee728b)
Start importing Packages/com.unity.2d.common/package.json using Guid(68f1917ec3cac45b080c26153375c2bb) Importer(815301076,1909f56bfc062723c751e8b465ee728b)  -> (artifact id: '7266165612d36c18cf97c86da86411a2') in 0.028345 seconds 
========================================================================
Received Import Request.
  Time since last request: 0.821478 seconds.
  path: Packages/com.unity.2d.path/package.json
  artifactKey: Guid(990785fe75c54584ab4201a3e20e1655) Importer(815301076,1909f56bfc062723c751e8b465ee728b)
Start importing Packages/com.unity.2d.path/package.json using Guid(990785fe75c54584ab4201a3e20e1655) Importer(815301076,1909f56bfc062723c751e8b465ee728b)  -> (artifact id: 'fe5d99fbc4c8faa1672fe316120be7b3') in 0.027028 seconds 
========================================================================
Received Import Request.
  Time since last request: 1.705004 seconds.
  path: Packages/com.unity.2d.pixel-perfect/package.json
  artifactKey: Guid(b1c570008ebc15d4183516ca5722a39e) Importer(815301076,1909f56bfc062723c751e8b465ee728b)
Start importing Packages/com.unity.2d.pixel-perfect/package.json using Guid(b1c570008ebc15d4183516ca5722a39e) Importer(815301076,1909f56bfc062723c751e8b465ee728b)  -> (artifact id: '00989447aebaa7f8a44a908d1cabf462') in 0.026320 seconds 
========================================================================
Received Import Request.
  Time since last request: 1.437347 seconds.
  path: Packages/com.unity.2d.psdimporter/package.json
  artifactKey: Guid(2f948ecb81c850949a2725b1ba265844) Importer(815301076,1909f56bfc062723c751e8b465ee728b)
Start importing Packages/com.unity.2d.psdimporter/package.json using Guid(2f948ecb81c850949a2725b1ba265844) Importer(815301076,1909f56bfc062723c751e8b465ee728b)  -> (artifact id: '4e94e5607247756a6a81f581c9104cc7') in 0.034103 seconds 
========================================================================
Received Import Request.
  Time since last request: 0.779883 seconds.
  path: Packages/com.unity.2d.sprite/package.json
  artifactKey: Guid(7dc5f1e5d04ac8549ac21802071e983b) Importer(815301076,1909f56bfc062723c751e8b465ee728b)
Start importing Packages/com.unity.2d.sprite/package.json using Guid(7dc5f1e5d04ac8549ac21802071e983b) Importer(815301076,1909f56bfc062723c751e8b465ee728b)  -> (artifact id: 'ff87128bdf6981a9843158b29f26b2df') in 0.027836 seconds 
========================================================================
Received Import Request.
  Time since last request: 0.773134 seconds.
  path: Packages/com.unity.2d.spriteshape/package.json
  artifactKey: Guid(4eabc3d1ad1424372b03cfc117521e24) Importer(815301076,1909f56bfc062723c751e8b465ee728b)
Start importing Packages/com.unity.2d.spriteshape/package.json using Guid(4eabc3d1ad1424372b03cfc117521e24) Importer(815301076,1909f56bfc062723c751e8b465ee728b)  -> (artifact id: '6098e1d7cd6133f0b34bc190abe20ad0') in 0.027140 seconds 
========================================================================
Received Import Request.
  Time since last request: 0.870376 seconds.
  path: Packages/com.unity.2d.tilemap/package.json
  artifactKey: Guid(51797d68d3132bb419217a229e09fc47) Importer(815301076,1909f56bfc062723c751e8b465ee728b)
Start importing Packages/com.unity.2d.tilemap/package.json using Guid(51797d68d3132bb419217a229e09fc47) Importer(815301076,1909f56bfc062723c751e8b465ee728b)  -> (artifact id: '22520fb1654722663eb25abdaed23609') in 0.021577 seconds 
AssetImportWorkerClient::OnTransportError - code=2 error=End of file
